[debug] [2023-06-20T13:17:00.411Z] ----------------------------------------------------------------------
[debug] [2023-06-20T13:17:00.415Z] Command:       /usr/local/bin/firebase /Users/uncommonstudent/.cache/firebase/tools/lib/node_modules/firebase-tools/lib/bin/firebase init
[debug] [2023-06-20T13:17:00.416Z] CLI Version:   12.3.1
[debug] [2023-06-20T13:17:00.416Z] Platform:      darwin
[debug] [2023-06-20T13:17:00.416Z] Node Version:  v16.16.0
[debug] [2023-06-20T13:17:00.429Z] Time:          Tue Jun 20 2023 15:17:00 GMT+0200 (Central Africa Time)
[debug] [2023-06-20T13:17:00.429Z] ----------------------------------------------------------------------
[debug] 
[debug] [2023-06-20T13:17:00.434Z] >>> [apiv2][query] GET https://firebase-public.firebaseio.com/cli.json [none]
[debug] [2023-06-20T13:17:00.557Z] > command requires scopes: ["email","openid","https://www.googleapis.com/auth/cloudplatformprojects.readonly","https://www.googleapis.com/auth/firebase","https://www.googleapis.com/auth/cloud-platform"]
[debug] [2023-06-20T13:17:00.558Z] > authorizing via signed-in user (nyashatanganyika21@gmail.com)
[info] 
     ######## #### ########  ######## ########     ###     ######  ########
     ##        ##  ##     ## ##       ##     ##  ##   ##  ##       ##
     ######    ##  ########  ######   ########  #########  ######  ######
     ##        ##  ##    ##  ##       ##     ## ##     ##       ## ##
     ##       #### ##     ## ######## ########  ##     ##  ######  ########

You're about to initialize a Firebase project in this directory:

  /Users/uncommonstudent/Desktop/React/bakers-inn

Before we get started, keep in mind:

  * You are initializing within an existing Firebase project directory

[debug] [2023-06-20T13:17:06.577Z] <<< [apiv2][status] GET https://firebase-public.firebaseio.com/cli.json 200
[debug] [2023-06-20T13:17:06.578Z] <<< [apiv2][body] GET https://firebase-public.firebaseio.com/cli.json {"cloudBuildErrorAfter":1594252800000,"cloudBuildWarnAfter":1590019200000,"defaultNode10After":1594252800000,"minVersion":"3.0.5","node8DeploysDisabledAfter":1613390400000,"node8RuntimeDisabledAfter":1615809600000,"node8WarnAfter":1600128000000}
[info] 
=== Project Setup
[info] 
[info] First, let's associate this project directory with a Firebase project.
[info] You can create multiple project aliases by running firebase use --add, 
[info] but for now we'll just set up a default project.
[info] 
[debug] [2023-06-20T13:17:15.550Z] Using project from CLI flag: bakers-inn-25fcc
[debug] [2023-06-20T13:17:15.551Z] > refreshing access token with scopes: []
[debug] [2023-06-20T13:17:15.552Z] >>> [apiv2][query] POST https://www.googleapis.com/oauth2/v3/token [none]
[debug] [2023-06-20T13:17:15.552Z] >>> [apiv2][body] POST https://www.googleapis.com/oauth2/v3/token [omitted]
[debug] [2023-06-20T13:17:25.453Z] <<< [apiv2][status] POST https://www.googleapis.com/oauth2/v3/token 200
[debug] [2023-06-20T13:17:25.453Z] <<< [apiv2][body] POST https://www.googleapis.com/oauth2/v3/token [omitted]
[debug] [2023-06-20T13:17:25.486Z] >>> [apiv2][query] GET https://firebase.googleapis.com/v1beta1/projects/bakers-inn-25fcc [none]
[debug] [2023-06-20T13:17:29.381Z] <<< [apiv2][status] GET https://firebase.googleapis.com/v1beta1/projects/bakers-inn-25fcc 200
[debug] [2023-06-20T13:17:29.382Z] <<< [apiv2][body] GET https://firebase.googleapis.com/v1beta1/projects/bakers-inn-25fcc {"projectId":"bakers-inn-25fcc","projectNumber":"135460767315","displayName":"Bakers-Inn","name":"projects/bakers-inn-25fcc","resources":{"hostingSite":"bakers-inn-25fcc"},"state":"ACTIVE","etag":"1_3ffd0315-5180-46f3-9724-c146782d76b7"}
[info] i  Using project bakers-inn-25fcc (Bakers-Inn) 
[info] 
=== Hosting Setup
[info] 
[info] Your public directory is the folder (relative to your project directory) that
[info] will contain Hosting assets to be uploaded with firebase deploy. If you
[info] have a build process for your assets, use your build's output directory.
[info] 
[info] i  Skipping write of build/404.html 
[debug] [2023-06-20T13:17:39.148Z] >>> [apiv2][query] GET https://www.gstatic.com/firebasejs/releases.json [none]
[debug] [2023-06-20T13:17:45.144Z] <<< [apiv2][status] GET https://www.gstatic.com/firebasejs/releases.json 200
[debug] [2023-06-20T13:17:45.144Z] <<< [apiv2][body] GET https://www.gstatic.com/firebasejs/releases.json {"current":{"version":"9.22.2","browserURL":"https://www.gstatic.com/firebasejs/9.22.2/firebase.js","packageURL":"https://www.gstatic.com/firebasejs/9.22.2/firebase.tgz"},"live":{"version":"9.22","browserURL":"https://www.gstatic.com/firebasejs/live/9.22/firebase.js","packageURL":"https://www.gstatic.com/firebasejs/live/9.22/firebase.tgz"},"components":{"analytics":"https://www.gstatic.com/firebasejs/9.22.2/firebase-analytics.js","app":"https://www.gstatic.com/firebasejs/9.22.2/firebase-app.js","app-check":"https://www.gstatic.com/firebasejs/9.22.2/firebase-app-check.js","auth":"https://www.gstatic.com/firebasejs/9.22.2/firebase-auth.js","auth/cordova":"https://www.gstatic.com/firebasejs/9.22.2/firebase-auth/cordova.js","auth/react-native":"https://www.gstatic.com/firebasejs/9.22.2/firebase-auth/react-native.js","functions":"https://www.gstatic.com/firebasejs/9.22.2/firebase-functions.js","firestore":"https://www.gstatic.com/firebasejs/9.22.2/firebase-firestore.js","firestore/lite":"https://www.gstatic.com/firebasejs/9.22.2/firebase-firestore/lite.js","installations":"https://www.gstatic.com/firebasejs/9.22.2/firebase-installations.js","storage":"https://www.gstatic.com/firebasejs/9.22.2/firebase-storage.js","performance":"https://www.gstatic.com/firebasejs/9.22.2/firebase-performance.js","remote-config":"https://www.gstatic.com/firebasejs/9.22.2/firebase-remote-config.js","messaging":"https://www.gstatic.com/firebasejs/9.22.2/firebase-messaging.js","messaging/sw":"https://www.gstatic.com/firebasejs/9.22.2/firebase-messaging/sw.js","database":"https://www.gstatic.com/firebasejs/9.22.2/firebase-database.js","firestore.memory":"https://www.gstatic.com/firebasejs/9.22.2/firebase-firestore.memory.js"}}
[info] i  Skipping write of build/index.html 
[info] 
[info] i  Writing configuration info to firebase.json... 
[info] i  Writing project information to .firebaserc... 
[info] 
[info] ✔  Firebase initialization complete! 
[debug] [2023-06-20T13:17:55.179Z] Error: Timed out.
    at Timeout._onTimeout (/Users/uncommonstudent/.cache/firebase/tools/lib/node_modules/firebase-tools/lib/utils.js:253:49)
    at listOnTimeout (node:internal/timers:559:17)
    at processTimers (node:internal/timers:502:7)
[error] 
[error] Error: An unexpected error has occurred.
[debug] [2023-06-20T13:18:08.452Z] ----------------------------------------------------------------------
[debug] [2023-06-20T13:18:08.456Z] Command:       /usr/local/bin/firebase /Users/uncommonstudent/.cache/firebase/tools/lib/node_modules/firebase-tools/lib/bin/firebase init
[debug] [2023-06-20T13:18:08.457Z] CLI Version:   12.3.1
[debug] [2023-06-20T13:18:08.458Z] Platform:      darwin
[debug] [2023-06-20T13:18:08.458Z] Node Version:  v16.16.0
[debug] [2023-06-20T13:18:08.460Z] Time:          Tue Jun 20 2023 15:18:08 GMT+0200 (Central Africa Time)
[debug] [2023-06-20T13:18:08.461Z] ----------------------------------------------------------------------
[debug] 
[debug] [2023-06-20T13:18:08.542Z] > command requires scopes: ["email","openid","https://www.googleapis.com/auth/cloudplatformprojects.readonly","https://www.googleapis.com/auth/firebase","https://www.googleapis.com/auth/cloud-platform"]
[debug] [2023-06-20T13:18:08.543Z] > authorizing via signed-in user (nyashatanganyika21@gmail.com)
[info] 
     ######## #### ########  ######## ########     ###     ######  ########
     ##        ##  ##     ## ##       ##     ##  ##   ##  ##       ##
     ######    ##  ########  ######   ########  #########  ######  ######
     ##        ##  ##    ##  ##       ##     ## ##     ##       ## ##
     ##       #### ##     ## ######## ########  ##     ##  ######  ########

You're about to initialize a Firebase project in this directory:

  /Users/uncommonstudent/Desktop/React/bakers-inn

Before we get started, keep in mind:

  * You are initializing within an existing Firebase project directory

[info] 
=== Project Setup
[info] 
[info] First, let's associate this project directory with a Firebase project.
[info] You can create multiple project aliases by running firebase use --add, 
[info] but for now we'll just set up a default project.
[info] 
[debug] [2023-06-20T13:18:12.496Z] Using project from CLI flag: bakers-inn-25fcc
[debug] [2023-06-20T13:18:12.499Z] >>> [apiv2][query] GET https://firebase.googleapis.com/v1beta1/projects/bakers-inn-25fcc [none]
[debug] [2023-06-20T13:18:16.065Z] <<< [apiv2][status] GET https://firebase.googleapis.com/v1beta1/projects/bakers-inn-25fcc 200
[debug] [2023-06-20T13:18:16.065Z] <<< [apiv2][body] GET https://firebase.googleapis.com/v1beta1/projects/bakers-inn-25fcc {"projectId":"bakers-inn-25fcc","projectNumber":"135460767315","displayName":"Bakers-Inn","name":"projects/bakers-inn-25fcc","resources":{"hostingSite":"bakers-inn-25fcc"},"state":"ACTIVE","etag":"1_3ffd0315-5180-46f3-9724-c146782d76b7"}
[info] i  Using project bakers-inn-25fcc (Bakers-Inn) 
[info] 
=== Hosting Setup
[info] 
[info] Your public directory is the folder (relative to your project directory) that
[info] will contain Hosting assets to be uploaded with firebase deploy. If you
[info] have a build process for your assets, use your build's output directory.
[info] 
[info] i  Skipping write of build/404.html 
[debug] [2023-06-20T13:18:22.522Z] >>> [apiv2][query] GET https://www.gstatic.com/firebasejs/releases.json [none]
[debug] [2023-06-20T13:18:24.336Z] <<< [apiv2][status] GET https://www.gstatic.com/firebasejs/releases.json 200
[debug] [2023-06-20T13:18:24.336Z] <<< [apiv2][body] GET https://www.gstatic.com/firebasejs/releases.json {"current":{"version":"9.22.2","browserURL":"https://www.gstatic.com/firebasejs/9.22.2/firebase.js","packageURL":"https://www.gstatic.com/firebasejs/9.22.2/firebase.tgz"},"live":{"version":"9.22","browserURL":"https://www.gstatic.com/firebasejs/live/9.22/firebase.js","packageURL":"https://www.gstatic.com/firebasejs/live/9.22/firebase.tgz"},"components":{"analytics":"https://www.gstatic.com/firebasejs/9.22.2/firebase-analytics.js","app":"https://www.gstatic.com/firebasejs/9.22.2/firebase-app.js","app-check":"https://www.gstatic.com/firebasejs/9.22.2/firebase-app-check.js","auth":"https://www.gstatic.com/firebasejs/9.22.2/firebase-auth.js","auth/cordova":"https://www.gstatic.com/firebasejs/9.22.2/firebase-auth/cordova.js","auth/react-native":"https://www.gstatic.com/firebasejs/9.22.2/firebase-auth/react-native.js","functions":"https://www.gstatic.com/firebasejs/9.22.2/firebase-functions.js","firestore":"https://www.gstatic.com/firebasejs/9.22.2/firebase-firestore.js","firestore/lite":"https://www.gstatic.com/firebasejs/9.22.2/firebase-firestore/lite.js","installations":"https://www.gstatic.com/firebasejs/9.22.2/firebase-installations.js","storage":"https://www.gstatic.com/firebasejs/9.22.2/firebase-storage.js","performance":"https://www.gstatic.com/firebasejs/9.22.2/firebase-performance.js","remote-config":"https://www.gstatic.com/firebasejs/9.22.2/firebase-remote-config.js","messaging":"https://www.gstatic.com/firebasejs/9.22.2/firebase-messaging.js","messaging/sw":"https://www.gstatic.com/firebasejs/9.22.2/firebase-messaging/sw.js","database":"https://www.gstatic.com/firebasejs/9.22.2/firebase-database.js","firestore.memory":"https://www.gstatic.com/firebasejs/9.22.2/firebase-firestore.memory.js"}}
[info] i  Skipping write of build/index.html 
[info] 
[info] i  Writing configuration info to firebase.json... 
[info] i  Writing project information to .firebaserc... 
[info] 
[info] ✔  Firebase initialization complete! 
[debug] [2023-06-20T13:18:31.352Z] Error: Timed out.
    at Timeout.<anonymous> (/Users/uncommonstudent/.cache/firebase/tools/lib/node_modules/firebase-tools/lib/utils.js:253:49)
    at listOnTimeout (node:internal/timers:559:17)
    at processTimers (node:internal/timers:502:7)
[error] 
[error] Error: An unexpected error has occurred.
